[2024-12-14 23:04:05] [ERROR] [o.e.s.s.SWAPIService] - Запрос не найден в словаре: мяу
[2024-12-14 23:04:11] [INFO] [o.e.s.s.SWAPIService] - Переводим запрос: Йода -> Yoda
[2024-12-14 23:04:11] [INFO] [o.e.s.s.SWAPIService] - Переводим запрос: Yoda -> Yoda
[2024-12-14 23:04:11] [INFO] [o.e.s.s.SWAPIService] - Ищем персонажа: Yoda
[2024-12-14 23:04:11] [INFO] [o.e.s.s.StarWarsAPI] - Запуск метода getBuilder с path: people и searchQuery: yoda
[2024-12-14 23:04:11] [INFO] [o.e.s.s.StarWarsAPI] - Запуск метода encodeQuery с запросом: yoda
[2024-12-14 23:04:11] [DEBUG] [o.e.s.s.StarWarsAPI] - Закодированный запрос: yoda
[2024-12-14 23:04:11] [INFO] [o.e.s.s.StarWarsAPI] - Запуск метода getRequest с URI: https://swapi.dev/api/people/?search=yoda
[2024-12-14 23:04:11] [DEBUG] [o.e.s.s.StarWarsAPI] - Статус HTTP ответа: 404
[2024-12-14 23:04:11] [ERROR] [o.e.s.s.StarWarsAPI] - API вернул не 200 статус: 404
[2024-12-14 23:04:11] [ERROR] [o.e.s.s.StarWarsAPI] - Неожиданная ошибка во время запроса: https://swapi.dev/api/people/?search=yoda
[2024-12-14 23:08:07] [ERROR] [o.e.s.s.SWAPIService] - Запрос не найден в словаре: мяу
[2024-12-14 23:08:14] [ERROR] [o.e.s.s.SWAPIService] - Запрос не найден в словаре: йода
[2024-12-14 23:08:18] [INFO] [o.e.s.s.SWAPIService] - Переводим запрос: Йода -> Yoda
[2024-12-14 23:08:18] [INFO] [o.e.s.s.SWAPIService] - Переводим запрос: Yoda -> Yoda
[2024-12-14 23:08:18] [INFO] [o.e.s.s.SWAPIService] - Ищем персонажа: Yoda
[2024-12-14 23:08:18] [INFO] [o.e.s.s.StarWarsAPI] - Запуск метода getBuilder с path: people и searchQuery: yoda
[2024-12-14 23:08:18] [INFO] [o.e.s.s.StarWarsAPI] - Запуск метода encodeQuery с запросом: yoda
[2024-12-14 23:08:18] [DEBUG] [o.e.s.s.StarWarsAPI] - Закодированный запрос: yoda
[2024-12-14 23:08:18] [INFO] [o.e.s.s.StarWarsAPI] - Запуск метода getRequest с URI: https://swapi.dev/api/people/?search=yoda
[2024-12-14 23:08:18] [DEBUG] [o.e.s.s.StarWarsAPI] - Статус HTTP ответа: 404
[2024-12-14 23:08:18] [ERROR] [o.e.s.s.StarWarsAPI] - API вернул не 200 статус: 404
[2024-12-14 23:08:18] [ERROR] [o.e.s.s.StarWarsAPI] - Неожиданная ошибка во время запроса: https://swapi.dev/api/people/?search=yoda
